{"/home/diego/projects/ebayAlert/server/src/database/mongodb.ts": {"path":"/home/diego/projects/ebayAlert/server/src/database/mongodb.ts","statementMap":{"0":{"start":{"line":1,"column":0},"end":{"line":1,"column":35}},"1":{"start":{"line":3,"column":12},"end":{"line":3,"column":33}},"2":{"start":{"line":4,"column":15},"end":{"line":4,"column":34}},"3":{"start":{"line":8,"column":2},"end":{"line":18,"column":5}},"4":{"start":{"line":9,"column":4},"end":{"line":17,"column":7}},"5":{"start":{"line":10,"column":6},"end":{"line":13,"column":null}},"6":{"start":{"line":11,"column":8},"end":{"line":11,"column":14}},"7":{"start":{"line":12,"column":8},"end":{"line":12,"column":15}},"8":{"start":{"line":15,"column":6},"end":{"line":15,"column":17}},"9":{"start":{"line":16,"column":6},"end":{"line":16,"column":12}},"10":{"start":{"line":22,"column":2},"end":{"line":22,"column":null}},"11":{"start":{"line":22,"column":17},"end":{"line":22,"column":32}},"12":{"start":{"line":24,"column":2},"end":{"line":24,"column":27}},"13":{"start":{"line":28,"column":2},"end":{"line":41,"column":5}},"14":{"start":{"line":28,"column":40},"end":{"line":41,"column":4}},"15":{"start":{"line":29,"column":4},"end":{"line":40,"column":null}},"16":{"start":{"line":30,"column":17},"end":{"line":30,"column":30}},"17":{"start":{"line":32,"column":6},"end":{"line":37,"column":9}},"18":{"start":{"line":33,"column":8},"end":{"line":35,"column":null}},"19":{"start":{"line":34,"column":10},"end":{"line":34,"column":19}},"20":{"start":{"line":36,"column":8},"end":{"line":36,"column":20}},"21":{"start":{"line":39,"column":6},"end":{"line":39,"column":17}},"22":{"start":{"line":45,"column":2},"end":{"line":57,"column":5}},"23":{"start":{"line":45,"column":40},"end":{"line":57,"column":4}},"24":{"start":{"line":46,"column":4},"end":{"line":56,"column":null}},"25":{"start":{"line":47,"column":17},"end":{"line":47,"column":30}},"26":{"start":{"line":49,"column":6},"end":{"line":53,"column":9}},"27":{"start":{"line":50,"column":8},"end":{"line":50,"column":null}},"28":{"start":{"line":50,"column":19},"end":{"line":50,"column":28}},"29":{"start":{"line":52,"column":8},"end":{"line":52,"column":20}},"30":{"start":{"line":55,"column":6},"end":{"line":55,"column":17}},"31":{"start":{"line":61,"column":2},"end":{"line":76,"column":5}},"32":{"start":{"line":61,"column":40},"end":{"line":76,"column":4}},"33":{"start":{"line":62,"column":4},"end":{"line":75,"column":null}},"34":{"start":{"line":63,"column":17},"end":{"line":63,"column":30}},"35":{"start":{"line":65,"column":6},"end":{"line":72,"column":9}},"36":{"start":{"line":65,"column":69},"end":{"line":72,"column":8}},"37":{"start":{"line":66,"column":8},"end":{"line":69,"column":null}},"38":{"start":{"line":67,"column":10},"end":{"line":67,"column":19}},"39":{"start":{"line":68,"column":10},"end":{"line":68,"column":17}},"40":{"start":{"line":71,"column":8},"end":{"line":71,"column":20}},"41":{"start":{"line":74,"column":6},"end":{"line":74,"column":17}},"42":{"start":{"line":80,"column":2},"end":{"line":95,"column":5}},"43":{"start":{"line":80,"column":40},"end":{"line":95,"column":4}},"44":{"start":{"line":81,"column":4},"end":{"line":94,"column":null}},"45":{"start":{"line":82,"column":17},"end":{"line":82,"column":30}},"46":{"start":{"line":84,"column":6},"end":{"line":91,"column":9}},"47":{"start":{"line":84,"column":71},"end":{"line":91,"column":8}},"48":{"start":{"line":85,"column":8},"end":{"line":88,"column":null}},"49":{"start":{"line":86,"column":10},"end":{"line":86,"column":19}},"50":{"start":{"line":87,"column":10},"end":{"line":87,"column":17}},"51":{"start":{"line":90,"column":8},"end":{"line":90,"column":20}},"52":{"start":{"line":93,"column":6},"end":{"line":93,"column":17}},"53":{"start":{"line":99,"column":2},"end":{"line":114,"column":5}},"54":{"start":{"line":99,"column":40},"end":{"line":114,"column":4}},"55":{"start":{"line":100,"column":4},"end":{"line":113,"column":null}},"56":{"start":{"line":101,"column":17},"end":{"line":101,"column":30}},"57":{"start":{"line":103,"column":6},"end":{"line":110,"column":9}},"58":{"start":{"line":103,"column":72},"end":{"line":110,"column":8}},"59":{"start":{"line":104,"column":8},"end":{"line":107,"column":null}},"60":{"start":{"line":105,"column":10},"end":{"line":105,"column":19}},"61":{"start":{"line":106,"column":10},"end":{"line":106,"column":17}},"62":{"start":{"line":109,"column":8},"end":{"line":109,"column":20}},"63":{"start":{"line":112,"column":6},"end":{"line":112,"column":17}},"64":{"start":{"line":118,"column":2},"end":{"line":118,"column":28}},"65":{"start":{"line":119,"column":2},"end":{"line":119,"column":21}},"66":{"start":{"line":122,"column":13},"end":{"line":143,"column":2}},"67":{"start":{"line":125,"column":4},"end":{"line":141,"column":6}},"68":{"start":{"line":127,"column":8},"end":{"line":127,"column":44}},"69":{"start":{"line":130,"column":8},"end":{"line":130,"column":44}},"70":{"start":{"line":133,"column":8},"end":{"line":133,"column":46}},"71":{"start":{"line":136,"column":8},"end":{"line":136,"column":47}},"72":{"start":{"line":139,"column":8},"end":{"line":139,"column":41}}},"fnMap":{"0":{"name":"conect","decl":{"start":{"line":7,"column":9},"end":{"line":7,"column":15}},"loc":{"start":{"line":7,"column":15},"end":{"line":19,"column":1}}},"1":{"name":"(anonymous_8)","decl":{"start":{"line":8,"column":21},"end":{"line":8,"column":22}},"loc":{"start":{"line":8,"column":34},"end":{"line":18,"column":3}}},"2":{"name":"(anonymous_9)","decl":{"start":{"line":9,"column":88},"end":{"line":9,"column":89}},"loc":{"start":{"line":9,"column":99},"end":{"line":17,"column":5}}},"3":{"name":"getDb","decl":{"start":{"line":21,"column":15},"end":{"line":21,"column":20}},"loc":{"start":{"line":21,"column":20},"end":{"line":25,"column":null}}},"4":{"name":"getAll","decl":{"start":{"line":27,"column":9},"end":{"line":27,"column":15}},"loc":{"start":{"line":27,"column":58},"end":{"line":42,"column":1}}},"5":{"name":"(anonymous_13)","decl":{"start":{"line":28,"column":21},"end":{"line":28,"column":28}},"loc":{"start":{"line":28,"column":40},"end":{"line":41,"column":4}}},"6":{"name":"(anonymous_14)","decl":{"start":{"line":28,"column":40},"end":{"line":28,"column":null}},"loc":{"start":{"line":28,"column":40},"end":{"line":41,"column":3}}},"7":{"name":"(anonymous_15)","decl":{"start":{"line":32,"column":52},"end":{"line":32,"column":53}},"loc":{"start":{"line":32,"column":68},"end":{"line":37,"column":7}}},"8":{"name":"getOne","decl":{"start":{"line":44,"column":9},"end":{"line":44,"column":15}},"loc":{"start":{"line":44,"column":58},"end":{"line":58,"column":1}}},"9":{"name":"(anonymous_17)","decl":{"start":{"line":45,"column":21},"end":{"line":45,"column":28}},"loc":{"start":{"line":45,"column":40},"end":{"line":57,"column":4}}},"10":{"name":"(anonymous_18)","decl":{"start":{"line":45,"column":40},"end":{"line":45,"column":null}},"loc":{"start":{"line":45,"column":40},"end":{"line":57,"column":3}}},"11":{"name":"(anonymous_19)","decl":{"start":{"line":49,"column":47},"end":{"line":49,"column":48}},"loc":{"start":{"line":49,"column":63},"end":{"line":53,"column":7}}},"12":{"name":"instertOne","decl":{"start":{"line":60,"column":9},"end":{"line":60,"column":19}},"loc":{"start":{"line":60,"column":54},"end":{"line":77,"column":1}}},"13":{"name":"(anonymous_21)","decl":{"start":{"line":61,"column":21},"end":{"line":61,"column":28}},"loc":{"start":{"line":61,"column":40},"end":{"line":76,"column":4}}},"14":{"name":"(anonymous_22)","decl":{"start":{"line":61,"column":40},"end":{"line":61,"column":null}},"loc":{"start":{"line":61,"column":40},"end":{"line":76,"column":3}}},"15":{"name":"(anonymous_23)","decl":{"start":{"line":65,"column":47},"end":{"line":65,"column":54}},"loc":{"start":{"line":65,"column":69},"end":{"line":72,"column":8}}},"16":{"name":"(anonymous_24)","decl":{"start":{"line":65,"column":69},"end":{"line":65,"column":null}},"loc":{"start":{"line":65,"column":69},"end":{"line":72,"column":7}}},"17":{"name":"insertMany","decl":{"start":{"line":79,"column":9},"end":{"line":79,"column":19}},"loc":{"start":{"line":79,"column":57},"end":{"line":96,"column":1}}},"18":{"name":"(anonymous_26)","decl":{"start":{"line":80,"column":21},"end":{"line":80,"column":28}},"loc":{"start":{"line":80,"column":40},"end":{"line":95,"column":4}}},"19":{"name":"(anonymous_27)","decl":{"start":{"line":80,"column":40},"end":{"line":80,"column":null}},"loc":{"start":{"line":80,"column":40},"end":{"line":95,"column":3}}},"20":{"name":"(anonymous_28)","decl":{"start":{"line":84,"column":49},"end":{"line":84,"column":56}},"loc":{"start":{"line":84,"column":71},"end":{"line":91,"column":8}}},"21":{"name":"(anonymous_29)","decl":{"start":{"line":84,"column":71},"end":{"line":84,"column":null}},"loc":{"start":{"line":84,"column":71},"end":{"line":91,"column":7}}},"22":{"name":"remove","decl":{"start":{"line":98,"column":9},"end":{"line":98,"column":15}},"loc":{"start":{"line":98,"column":46},"end":{"line":115,"column":1}}},"23":{"name":"(anonymous_31)","decl":{"start":{"line":99,"column":21},"end":{"line":99,"column":28}},"loc":{"start":{"line":99,"column":40},"end":{"line":114,"column":4}}},"24":{"name":"(anonymous_32)","decl":{"start":{"line":99,"column":40},"end":{"line":99,"column":null}},"loc":{"start":{"line":99,"column":40},"end":{"line":114,"column":3}}},"25":{"name":"(anonymous_33)","decl":{"start":{"line":103,"column":50},"end":{"line":103,"column":57}},"loc":{"start":{"line":103,"column":72},"end":{"line":110,"column":8}}},"26":{"name":"(anonymous_34)","decl":{"start":{"line":103,"column":72},"end":{"line":103,"column":null}},"loc":{"start":{"line":103,"column":72},"end":{"line":110,"column":7}}},"27":{"name":"close","decl":{"start":{"line":117,"column":15},"end":{"line":117,"column":20}},"loc":{"start":{"line":117,"column":36},"end":{"line":120,"column":null}}},"28":{"name":"(anonymous_37)","decl":{"start":{"line":124,"column":2},"end":{"line":124,"column":12}},"loc":{"start":{"line":124,"column":31},"end":{"line":142,"column":3}}},"29":{"name":"(anonymous_38)","decl":{"start":{"line":126,"column":6},"end":{"line":126,"column":12}},"loc":{"start":{"line":126,"column":35},"end":{"line":128,"column":7}}},"30":{"name":"(anonymous_39)","decl":{"start":{"line":129,"column":6},"end":{"line":129,"column":12}},"loc":{"start":{"line":129,"column":35},"end":{"line":131,"column":7}}},"31":{"name":"(anonymous_40)","decl":{"start":{"line":132,"column":6},"end":{"line":132,"column":15}},"loc":{"start":{"line":132,"column":25},"end":{"line":134,"column":7}}},"32":{"name":"(anonymous_41)","decl":{"start":{"line":135,"column":6},"end":{"line":135,"column":16}},"loc":{"start":{"line":135,"column":29},"end":{"line":137,"column":7}}},"33":{"name":"(anonymous_42)","decl":{"start":{"line":138,"column":6},"end":{"line":138,"column":12}},"loc":{"start":{"line":138,"column":24},"end":{"line":140,"column":7}}}},"branchMap":{"0":{"loc":{"start":{"line":10,"column":6},"end":{"line":13,"column":null}},"type":"if","locations":[{"start":{"line":10,"column":6},"end":{"line":13,"column":null}},{"start":{"line":10,"column":6},"end":{"line":13,"column":null}}]},"1":{"loc":{"start":{"line":22,"column":2},"end":{"line":22,"column":null}},"type":"if","locations":[{"start":{"line":22,"column":2},"end":{"line":22,"column":null}},{"start":{"line":22,"column":2},"end":{"line":22,"column":null}}]},"2":{"loc":{"start":{"line":27,"column":56},"end":{"line":27,"column":58}},"type":"default-arg","locations":[{"start":{"line":27,"column":56},"end":{"line":27,"column":58}}]},"3":{"loc":{"start":{"line":33,"column":8},"end":{"line":35,"column":null}},"type":"if","locations":[{"start":{"line":33,"column":8},"end":{"line":35,"column":null}},{"start":{"line":33,"column":8},"end":{"line":35,"column":null}}]},"4":{"loc":{"start":{"line":44,"column":56},"end":{"line":44,"column":58}},"type":"default-arg","locations":[{"start":{"line":44,"column":56},"end":{"line":44,"column":58}}]},"5":{"loc":{"start":{"line":50,"column":8},"end":{"line":50,"column":null}},"type":"if","locations":[{"start":{"line":50,"column":8},"end":{"line":50,"column":null}},{"start":{"line":50,"column":8},"end":{"line":50,"column":null}}]},"6":{"loc":{"start":{"line":66,"column":8},"end":{"line":69,"column":null}},"type":"if","locations":[{"start":{"line":66,"column":8},"end":{"line":69,"column":null}},{"start":{"line":66,"column":8},"end":{"line":69,"column":null}}]},"7":{"loc":{"start":{"line":85,"column":8},"end":{"line":88,"column":null}},"type":"if","locations":[{"start":{"line":85,"column":8},"end":{"line":88,"column":null}},{"start":{"line":85,"column":8},"end":{"line":88,"column":null}}]},"8":{"loc":{"start":{"line":98,"column":44},"end":{"line":98,"column":46}},"type":"default-arg","locations":[{"start":{"line":98,"column":44},"end":{"line":98,"column":46}}]},"9":{"loc":{"start":{"line":104,"column":8},"end":{"line":107,"column":null}},"type":"if","locations":[{"start":{"line":104,"column":8},"end":{"line":107,"column":null}},{"start":{"line":104,"column":8},"end":{"line":107,"column":null}}]},"10":{"loc":{"start":{"line":126,"column":33},"end":{"line":126,"column":35}},"type":"default-arg","locations":[{"start":{"line":126,"column":33},"end":{"line":126,"column":35}}]},"11":{"loc":{"start":{"line":129,"column":33},"end":{"line":129,"column":35}},"type":"default-arg","locations":[{"start":{"line":129,"column":33},"end":{"line":129,"column":35}}]}},"s":{"0":1,"1":1,"2":1,"3":1,"4":1,"5":1,"6":0,"7":0,"8":1,"9":1,"10":6,"11":1,"12":6,"13":1,"14":1,"15":1,"16":1,"17":1,"18":1,"19":0,"20":1,"21":0,"22":1,"23":1,"24":1,"25":1,"26":1,"27":1,"28":0,"29":1,"30":0,"31":1,"32":1,"33":1,"34":1,"35":1,"36":1,"37":1,"38":0,"39":0,"40":1,"41":0,"42":1,"43":1,"44":1,"45":1,"46":1,"47":1,"48":1,"49":0,"50":0,"51":1,"52":0,"53":2,"54":2,"55":2,"56":2,"57":2,"58":2,"59":2,"60":0,"61":0,"62":2,"63":0,"64":1,"65":1,"66":1,"67":6,"68":1,"69":1,"70":1,"71":1,"72":2},"f":{"0":1,"1":1,"2":1,"3":6,"4":1,"5":1,"6":1,"7":1,"8":1,"9":1,"10":1,"11":1,"12":1,"13":1,"14":1,"15":1,"16":1,"17":1,"18":1,"19":1,"20":1,"21":1,"22":2,"23":2,"24":2,"25":2,"26":2,"27":1,"28":6,"29":1,"30":1,"31":1,"32":1,"33":2},"b":{"0":[0,1],"1":[1,5],"2":[0],"3":[0,1],"4":[0],"5":[0,1],"6":[0,1],"7":[0,1],"8":[2],"9":[0,2],"10":[0],"11":[0]}}
}
