TN:
SF:/home/diego/projects/ebayAlert/server/src/database/mongodb.ts
FN:7,conect
FN:8,(anonymous_8)
FN:9,(anonymous_9)
FN:21,getDb
FN:27,getAll
FN:28,(anonymous_13)
FN:28,(anonymous_14)
FN:32,(anonymous_15)
FN:44,getOne
FN:45,(anonymous_17)
FN:45,(anonymous_18)
FN:49,(anonymous_19)
FN:60,instertOne
FN:61,(anonymous_21)
FN:61,(anonymous_22)
FN:65,(anonymous_23)
FN:65,(anonymous_24)
FN:79,insertMany
FN:80,(anonymous_26)
FN:80,(anonymous_27)
FN:84,(anonymous_28)
FN:84,(anonymous_29)
FN:98,remove
FN:99,(anonymous_31)
FN:99,(anonymous_32)
FN:103,(anonymous_33)
FN:103,(anonymous_34)
FN:117,close
FN:124,(anonymous_37)
FN:126,(anonymous_38)
FN:129,(anonymous_39)
FN:132,(anonymous_40)
FN:135,(anonymous_41)
FN:138,(anonymous_42)
FNF:34
FNH:34
FNDA:1,conect
FNDA:1,(anonymous_8)
FNDA:1,(anonymous_9)
FNDA:6,getDb
FNDA:1,getAll
FNDA:1,(anonymous_13)
FNDA:1,(anonymous_14)
FNDA:1,(anonymous_15)
FNDA:1,getOne
FNDA:1,(anonymous_17)
FNDA:1,(anonymous_18)
FNDA:1,(anonymous_19)
FNDA:1,instertOne
FNDA:1,(anonymous_21)
FNDA:1,(anonymous_22)
FNDA:1,(anonymous_23)
FNDA:1,(anonymous_24)
FNDA:1,insertMany
FNDA:1,(anonymous_26)
FNDA:1,(anonymous_27)
FNDA:1,(anonymous_28)
FNDA:1,(anonymous_29)
FNDA:2,remove
FNDA:2,(anonymous_31)
FNDA:2,(anonymous_32)
FNDA:2,(anonymous_33)
FNDA:2,(anonymous_34)
FNDA:1,close
FNDA:6,(anonymous_37)
FNDA:1,(anonymous_38)
FNDA:1,(anonymous_39)
FNDA:1,(anonymous_40)
FNDA:1,(anonymous_41)
FNDA:2,(anonymous_42)
DA:1,1
DA:3,1
DA:4,1
DA:8,1
DA:9,1
DA:10,1
DA:11,0
DA:12,0
DA:15,1
DA:16,1
DA:22,6
DA:24,6
DA:28,1
DA:29,1
DA:30,1
DA:32,1
DA:33,1
DA:34,0
DA:36,1
DA:39,0
DA:45,1
DA:46,1
DA:47,1
DA:49,1
DA:50,1
DA:52,1
DA:55,0
DA:61,1
DA:62,1
DA:63,1
DA:65,1
DA:66,1
DA:67,0
DA:68,0
DA:71,1
DA:74,0
DA:80,1
DA:81,1
DA:82,1
DA:84,1
DA:85,1
DA:86,0
DA:87,0
DA:90,1
DA:93,0
DA:99,2
DA:100,2
DA:101,2
DA:103,2
DA:104,2
DA:105,0
DA:106,0
DA:109,2
DA:112,0
DA:118,1
DA:119,1
DA:122,1
DA:125,6
DA:127,1
DA:130,1
DA:133,1
DA:136,1
DA:139,2
LF:63
LH:49
BRDA:10,0,0,0
BRDA:10,0,1,1
BRDA:22,1,0,1
BRDA:22,1,1,5
BRDA:27,2,0,0
BRDA:33,3,0,0
BRDA:33,3,1,1
BRDA:44,4,0,0
BRDA:50,5,0,0
BRDA:50,5,1,1
BRDA:66,6,0,0
BRDA:66,6,1,1
BRDA:85,7,0,0
BRDA:85,7,1,1
BRDA:98,8,0,2
BRDA:104,9,0,0
BRDA:104,9,1,2
BRDA:126,10,0,0
BRDA:129,11,0,0
BRF:19
BRH:9
end_of_record
